2025-01-24 23:50:39,236 [INFO   ] Starting /media/peri/320GB/Garmin/garmin-connect-export/gcexport.py version 4.2.0, using Python version 3.11.2
2025-01-24 23:50:39,237 [INFO   ] New logfile level: INFO
2025-01-24 23:50:39,237 [WARNING] Output directory /home/peri/stacks/hugo/ssp/static/data/garmin/activities/gpx/ already exists. Will skip already-downloaded files and append to the CSV file.
2025-01-24 23:50:47,429 [INFO   ] Profile page https://connect.garmin.com/userprofile-service/socialProfile
2025-01-24 23:50:48,638 [INFO   ] Userstats page https://connect.garmin.com/userstats-service/statistics/sriperinkulam
2025-01-24 23:50:53,615 [INFO   ] Activity list URL https://connect.garmin.com/activitylist-service/activities/search/activities?start=0&limit=7
2025-01-24 23:52:22,452 [INFO   ] CSV file written.
2025-02-08 21:02:14,620 [INFO   ] Starting /media/peri/320GB/Garmin/garmin-connect-export/gcexport.py version 4.2.0, using Python version 3.11.2
2025-02-08 21:02:14,620 [INFO   ] New logfile level: INFO
2025-02-08 21:02:14,620 [WARNING] Output directory /home/peri/stacks/hugo/ssp/static/data/garmin/activities/gpx/ already exists. Will skip already-downloaded files and append to the CSV file.
2025-02-08 21:02:21,961 [INFO   ] Profile page https://connect.garmin.com/userprofile-service/socialProfile
2025-02-08 21:02:23,551 [INFO   ] Userstats page https://connect.garmin.com/userstats-service/statistics/sriperinkulam
2025-02-08 21:02:27,560 [INFO   ] Activity list URL https://connect.garmin.com/activitylist-service/activities/search/activities?start=0&limit=7
2025-02-08 21:03:01,454 [INFO   ] CSV file written.
2025-02-17 23:45:08,599 [INFO   ] Starting /media/peri/320GB/Garmin/garmin-connect-export/gcexport.py version 4.2.0, using Python version 3.11.2
2025-02-17 23:45:08,599 [INFO   ] New logfile level: INFO
2025-02-17 23:45:08,600 [WARNING] Output directory /home/peri/stacks/hugo/ssp/static/data/garmin/activities/gpx/ already exists. Will skip already-downloaded files and append to the CSV file.
2025-02-17 23:45:15,471 [INFO   ] Profile page https://connect.garmin.com/userprofile-service/socialProfile
2025-02-17 23:45:16,566 [INFO   ] Userstats page https://connect.garmin.com/userstats-service/statistics/sriperinkulam
2025-02-17 23:45:21,411 [INFO   ] Activity list URL https://connect.garmin.com/activitylist-service/activities/search/activities?start=0&limit=3
2025-02-17 23:45:33,339 [INFO   ] CSV file written.
2025-08-31 20:45:36,877 [INFO   ] Starting /media/peri/320GB/Garmin/garmin-connect-export/gcexport.py version 4.2.0, using Python version 3.11.2
2025-08-31 20:45:36,877 [INFO   ] New logfile level: INFO
2025-08-31 20:45:36,878 [WARNING] Output directory /home/peri/stacks/hugo/ssp/static/data/garmin/activities/gpx/ already exists. Will skip already-downloaded files and append to the CSV file.
2025-08-31 20:45:42,788 [INFO   ] Profile page https://connect.garmin.com/userprofile-service/socialProfile
2025-08-31 20:45:43,676 [INFO   ] Userstats page https://connect.garmin.com/userstats-service/statistics/sriperinkulam
2025-08-31 20:45:46,537 [INFO   ] Activity list URL https://connect.garmin.com/activitylist-service/activities/search/activities?start=0&limit=8
2025-08-31 20:46:22,097 [INFO   ] CSV file written.
2025-11-15 09:59:43,000 [INFO   ] Starting /media/peri/320GB/Garmin/garmin-connect-export/gcexport.py version 4.2.0, using Python version 3.11.2
2025-11-15 09:59:43,001 [INFO   ] New logfile level: INFO
2025-11-15 09:59:43,001 [WARNING] Output directory /home/peri/stacks/hugo/ssp/static/data/garmin/activities/gpx/ already exists. Will skip already-downloaded files and append to the CSV file.
2025-11-15 09:59:49,598 [INFO   ] Profile page https://connect.garmin.com/userprofile-service/socialProfile
2025-11-15 09:59:50,510 [INFO   ] Userstats page https://connect.garmin.com/userstats-service/statistics/sriperinkulam
2025-11-15 09:59:53,321 [INFO   ] Activity list URL https://connect.garmin.com/activitylist-service/activities/search/activities?start=0&limit=8
2025-11-15 10:00:20,282 [INFO   ] CSV file written.
2025-11-22 19:47:05,812 [INFO   ] Starting /media/peri/320GB/Garmin/garmin-connect-export/gcexport.py version 4.2.0, using Python version 3.11.2
2025-11-22 19:47:05,812 [INFO   ] New logfile level: INFO
2025-11-22 19:47:05,812 [WARNING] Output directory /home/peri/stacks/hugo/ssp/static/data/garmin/activities/gpx/ already exists. Will skip already-downloaded files and append to the CSV file.
2025-11-22 19:47:13,417 [INFO   ] Profile page https://connect.garmin.com/userprofile-service/socialProfile
2025-11-22 19:47:14,791 [INFO   ] Userstats page https://connect.garmin.com/userstats-service/statistics/sriperinkulam
2025-11-22 19:47:20,174 [INFO   ] Activity list URL https://connect.garmin.com/activitylist-service/activities/search/activities?start=0&limit=8
2025-11-22 19:47:51,494 [INFO   ] CSV file written.
2025-11-27 20:36:00,669 [INFO   ] Starting /media/peri/320GB/Garmin/garmin-connect-export/gcexport.py version 4.2.0, using Python version 3.11.2
2025-11-27 20:36:00,669 [INFO   ] New logfile level: INFO
2025-11-27 20:36:00,669 [WARNING] Output directory /home/peri/stacks/hugo/ssp/static/data/garmin/activities/gpx/ already exists. Will skip already-downloaded files and append to the CSV file.
2025-11-27 20:36:10,578 [INFO   ] Profile page https://connect.garmin.com/userprofile-service/socialProfile
2025-11-27 20:36:12,391 [INFO   ] Userstats page https://connect.garmin.com/userstats-service/statistics/sriperinkulam
2025-11-27 20:36:18,238 [INFO   ] Activity list URL https://connect.garmin.com/activitylist-service/activities/search/activities?start=0&limit=4
2025-11-27 20:36:41,210 [INFO   ] CSV file written.
2026-01-10 22:32:51,021 [INFO   ] Starting /media/peri/320GB/Garmin/garmin-connect-export/gcexport.py version 4.2.0, using Python version 3.11.2
2026-01-10 22:32:51,021 [INFO   ] New logfile level: INFO
2026-01-10 22:32:51,022 [WARNING] Output directory /home/peri/stacks/hugo/ssp/static/data/garmin/activities/gpx/ already exists. Will skip already-downloaded files and append to the CSV file.
2026-01-10 22:32:56,737 [INFO   ] Profile page https://connect.garmin.com/userprofile-service/socialProfile
2026-01-10 22:32:57,747 [INFO   ] Userstats page https://connect.garmin.com/userstats-service/statistics/sriperinkulam
2026-01-10 22:33:02,163 [ERROR  ] Server couldn't fulfill the request, url https://connect.garmin.com/modern/main/js/properties/activity_types/activity_types.properties, code 404, error: HTTP Error 404: Not Found
2026-01-10 22:33:02,164 [INFO   ] Headers returned:
Date: Sat, 10 Jan 2026 21:33:01 GMT
Content-Type: text/html
Transfer-Encoding: chunked
Connection: close
Cache-Control: no-cache
cf-cache-status: DYNAMIC
Report-To: {"endpoints":[{"url":"https:\/\/a.nel.cloudflare.com\/report\/v4?s=Z%2FQJCx5pqtmTNTdkmsXcscKladVuYs%2Bv3xM8B8EvGLj7l4IPrWstwYAa8Q%2BENaDs2m0Dx%2F7AdotBPeVfmM7uqxG1FYCMk0MAjOSymfgkkQpgs8v2CQvYP2Om6jCL0AY2rYl10g%3D%3D"}],"group":"cf-nel","max_age":604800}
NEL: {"success_fraction":0.01,"report_to":"cf-nel","max_age":604800}
Set-Cookie: __cfruid=a8ee3e40af254daa9b653b1838e01008bec880e3-1768080781; path=/; domain=.connect.garmin.com; HttpOnly
Server: cloudflare
CF-RAY: 9bbf4a571981d2b1-EWR


2026-01-10 22:46:08,660 [INFO   ] Starting /media/peri/320GB/Garmin/garmin-connect-export/gcexport.py version 4.2.0, using Python version 3.11.2
2026-01-10 22:46:08,660 [INFO   ] New logfile level: INFO
2026-01-10 22:46:08,660 [WARNING] Output directory /home/peri/stacks/hugo/ssp/static/data/garmin/activities/gpx/ already exists. Will skip already-downloaded files and append to the CSV file.
2026-01-10 22:46:14,399 [INFO   ] Profile page https://connect.garmin.com/userprofile-service/socialProfile
2026-01-10 22:46:15,407 [INFO   ] Userstats page https://connect.garmin.com/userstats-service/statistics/sriperinkulam
2026-01-10 22:46:18,682 [INFO   ] Activity list URL https://connect.garmin.com/activitylist-service/activities/search/activities?start=0&limit=8
2026-01-10 22:46:46,846 [INFO   ] CSV file written.
2026-01-27 15:39:40,933 [INFO   ] Starting /media/peri/320GB/Garmin/garmin-connect-export/gcexport.py version 4.2.0, using Python version 3.11.2
2026-01-27 15:39:40,934 [INFO   ] New logfile level: INFO
2026-01-27 15:39:40,934 [WARNING] Output directory /home/peri/stacks/hugo/ssp/static/data/garmin/activities/gpx/ already exists. Will skip already-downloaded files and append to the CSV file.
2026-01-27 15:39:45,772 [INFO   ] Profile page https://connect.garmin.com/userprofile-service/socialProfile
2026-01-27 15:39:46,765 [INFO   ] Userstats page https://connect.garmin.com/userstats-service/statistics/sriperinkulam
2026-01-27 15:39:49,789 [INFO   ] Activity list URL https://connect.garmin.com/activitylist-service/activities/search/activities?start=0&limit=4
2026-01-27 15:39:59,977 [INFO   ] CSV file written.
2026-02-01 14:25:30,123 [INFO   ] Starting /media/peri/320GB/Garmin/garmin-connect-export/gcexport.py version 4.2.0, using Python version 3.11.2
2026-02-01 14:25:30,124 [INFO   ] New logfile level: INFO
2026-02-01 14:25:30,124 [WARNING] Output directory /home/peri/stacks/hugo/ssp/static/data/garmin/activities/gpx/ already exists. Will skip already-downloaded files and append to the CSV file.
2026-02-01 14:25:36,040 [INFO   ] Profile page https://connect.garmin.com/userprofile-service/socialProfile
2026-02-01 14:25:37,332 [INFO   ] Userstats page https://connect.garmin.com/userstats-service/statistics/sriperinkulam
2026-02-01 14:25:42,470 [INFO   ] Activity list URL https://connect.garmin.com/activitylist-service/activities/search/activities?start=0&limit=4
2026-02-01 14:25:56,176 [INFO   ] CSV file written.
2026-02-08 21:06:24,004 [INFO   ] Starting /media/peri/320GB/Garmin/garmin-connect-export/gcexport.py version 4.2.0, using Python version 3.11.2
2026-02-08 21:06:24,005 [INFO   ] New logfile level: INFO
2026-02-08 21:06:24,005 [WARNING] Output directory /home/peri/stacks/hugo/ssp/static/data/garmin/activities/gpx/ already exists. Will skip already-downloaded files and append to the CSV file.
2026-02-08 21:06:30,381 [INFO   ] Profile page https://connect.garmin.com/userprofile-service/socialProfile
2026-02-08 21:06:37,653 [INFO   ] Userstats page https://connect.garmin.com/userstats-service/statistics/sriperinkulam
2026-02-08 21:06:41,440 [INFO   ] Activity list URL https://connect.garmin.com/activitylist-service/activities/search/activities?start=0&limit=4
2026-02-08 21:07:02,025 [INFO   ] CSV file written.
